The system is: Windows - 10.0.18363 - AMD64
Compiling the C compiler identification source file "CMakeCCompilerId.c" succeeded.
Compiler: C:/Program Files (x86)/Microsoft Visual Studio/2019/Community/VC/Tools/MSVC/14.22.27905/bin/Hostx86/x86/cl.exe 
Build flags: 
Id flags:  

The output was:
0
Microsoft (R) C/C++ Optimizing Compiler Version 19.22.27905 for x86
Copyright (C) Microsoft Corporation.  All rights reserved.

CMakeCCompilerId.c
Microsoft (R) Incremental Linker Version 14.22.27905.0
Copyright (C) Microsoft Corporation.  All rights reserved.

/out:CMakeCCompilerId.exe 
CMakeCCompilerId.obj 


Compilation of the C compiler identification source "CMakeCCompilerId.c" produced "CMakeCCompilerId.exe"

Compilation of the C compiler identification source "CMakeCCompilerId.c" produced "CMakeCCompilerId.obj"

The C compiler identification is MSVC, found in "C:/Users/mason/CLionProjects/csci-366-spring2021-private/battlebit/cmake-build-release/CMakeFiles/3.17.5/CompilerIdC/CMakeCCompilerId.exe"

Determining if the C compiler works passed with the following output:
Change Dir: C:/Users/mason/CLionProjects/csci-366-spring2021-private/battlebit/cmake-build-release/CMakeFiles/CMakeTmp

Run Build Command(s):nmake /nologo cmTC_2338f\fast && 	"C:\Program Files (x86)\Microsoft Visual Studio\2019\Community\VC\Tools\MSVC\14.22.27905\bin\HostX86\x86\nmake.exe"  -f CMakeFiles\cmTC_2338f.dir\build.make /nologo -L                  CMakeFiles\cmTC_2338f.dir\build
Building C object CMakeFiles/cmTC_2338f.dir/testCCompiler.c.obj
	C:\PROGRA~2\MICROS~1\2019\COMMUN~1\VC\Tools\MSVC\1422~1.279\bin\Hostx86\x86\cl.exe @C:\Users\mason\AppData\Local\Temp\nmE53C.tmp
testCCompiler.c
Linking C executable cmTC_2338f.exe
	"C:\Program Files\JetBrains\CLion 2020.3.2\bin\cmake\win\bin\cmake.exe" -E vs_link_exe --intdir=CMakeFiles\cmTC_2338f.dir --rc=C:\PROGRA~2\WI3CF2~1\10\bin\100183~1.0\x86\rc.exe --mt=C:\PROGRA~2\WI3CF2~1\10\bin\100183~1.0\x86\mt.exe --manifests  -- C:\PROGRA~2\MICROS~1\2019\COMMUN~1\VC\Tools\MSVC\1422~1.279\bin\Hostx86\x86\link.exe /nologo @CMakeFiles\cmTC_2338f.dir\objects1.rsp @C:\Users\mason\AppData\Local\Temp\nmE685.tmp



Detecting C compiler ABI info compiled with the following output:
Change Dir: C:/Users/mason/CLionProjects/csci-366-spring2021-private/battlebit/cmake-build-release/CMakeFiles/CMakeTmp

Run Build Command(s):nmake /nologo cmTC_136c6\fast && 	"C:\Program Files (x86)\Microsoft Visual Studio\2019\Community\VC\Tools\MSVC\14.22.27905\bin\HostX86\x86\nmake.exe"  -f CMakeFiles\cmTC_136c6.dir\build.make /nologo -L                  CMakeFiles\cmTC_136c6.dir\build
Building C object CMakeFiles/cmTC_136c6.dir/CMakeCCompilerABI.c.obj
	C:\PROGRA~2\MICROS~1\2019\COMMUN~1\VC\Tools\MSVC\1422~1.279\bin\Hostx86\x86\cl.exe @C:\Users\mason\AppData\Local\Temp\nmE868.tmp
CMakeCCompilerABI.c
Linking C executable cmTC_136c6.exe
	"C:\Program Files\JetBrains\CLion 2020.3.2\bin\cmake\win\bin\cmake.exe" -E vs_link_exe --intdir=CMakeFiles\cmTC_136c6.dir --rc=C:\PROGRA~2\WI3CF2~1\10\bin\100183~1.0\x86\rc.exe --mt=C:\PROGRA~2\WI3CF2~1\10\bin\100183~1.0\x86\mt.exe --manifests  -- C:\PROGRA~2\MICROS~1\2019\COMMUN~1\VC\Tools\MSVC\1422~1.279\bin\Hostx86\x86\link.exe /nologo @CMakeFiles\cmTC_136c6.dir\objects1.rsp @C:\Users\mason\AppData\Local\Temp\nmE8B7.tmp



