Checking whether the ASM_NASM compiler is GNU using "--version" did not match "(GNU assembler)|(GCC)|(Free Software Foundation)":
Checking whether the ASM_NASM compiler is Clang using "--version" did not match "(clang version)":
Checking whether the ASM_NASM compiler is AppleClang using "--version" did not match "(Apple LLVM version)":
Checking whether the ASM_NASM compiler is ARMClang using "--version" did not match "armclang":
Checking whether the ASM_NASM compiler is HP using "-V" did not match "HP C":
Checking whether the ASM_NASM compiler is Intel using "--version" did not match "(ICC)":
Checking whether the ASM_NASM compiler is SunPro using "-V" did not match "Sun C":
Checking whether the ASM_NASM compiler is XL using "-qversion" did not match "XL C":
Checking whether the ASM_NASM compiler is MSVC using "-?" did not match "Microsoft":
Checking whether the ASM_NASM compiler is TI using "-h" did not match "Texas Instruments":
Checking whether the ASM_NASM compiler is IAR using "" did not match "IAR Assembler":
Checking whether the ASM_NASM compiler is ARMCC using "" did not match "(ARM Compiler)|(ARM Assembler)":
Checking whether the ASM_NASM compiler is NASM using "-v" did not match "(NASM version)":
Checking whether the ASM_NASM compiler is YASM using "--version" did not match "(yasm)":
Checking whether the ASM_NASM compiler is ADSP using "-version" did not match "Analog Devices":
Checking whether the ASM_NASM compiler is QCC using "-V" did not match "gcc_nto":
Checking whether the ASM_NASM compiler is GNU using "--version" did not match "(GNU assembler)|(GCC)|(Free Software Foundation)":
Checking whether the ASM_NASM compiler is Clang using "--version" did not match "(clang version)":
Checking whether the ASM_NASM compiler is AppleClang using "--version" did not match "(Apple LLVM version)":
Checking whether the ASM_NASM compiler is ARMClang using "--version" did not match "armclang":
Checking whether the ASM_NASM compiler is HP using "-V" did not match "HP C":
Checking whether the ASM_NASM compiler is Intel using "--version" did not match "(ICC)":
Checking whether the ASM_NASM compiler is SunPro using "-V" did not match "Sun C":
Checking whether the ASM_NASM compiler is XL using "-qversion" did not match "XL C":
Checking whether the ASM_NASM compiler is MSVC using "-?" did not match "Microsoft":
Checking whether the ASM_NASM compiler is TI using "-h" did not match "Texas Instruments":
Checking whether the ASM_NASM compiler is IAR using "" did not match "IAR Assembler":
Checking whether the ASM_NASM compiler is ARMCC using "" did not match "(ARM Compiler)|(ARM Assembler)":
Checking whether the ASM_NASM compiler is NASM using "-v" did not match "(NASM version)":
Checking whether the ASM_NASM compiler is YASM using "--version" did not match "(yasm)":
Checking whether the ASM_NASM compiler is ADSP using "-version" did not match "Analog Devices":
Checking whether the ASM_NASM compiler is QCC using "-V" did not match "gcc_nto":
Determining if the include file pthread.h exists failed with the following output:
Change Dir: C:/Users/mason/CLionProjects/csci-366-spring2021-private/battlebit/cmake-build-release/CMakeFiles/CMakeTmp

Run Build Command(s):nmake /nologo cmTC_58eb3\fast && 	"C:\Program Files (x86)\Microsoft Visual Studio\2019\Community\VC\Tools\MSVC\14.22.27905\bin\HostX86\x86\nmake.exe"  -f CMakeFiles\cmTC_58eb3.dir\build.make /nologo -L                  CMakeFiles\cmTC_58eb3.dir\build
Building C object CMakeFiles/cmTC_58eb3.dir/CheckIncludeFile.c.obj
	C:\PROGRA~2\MICROS~1\2019\COMMUN~1\VC\Tools\MSVC\1422~1.279\bin\Hostx86\x86\cl.exe @C:\Users\mason\AppData\Local\Temp\nm66D.tmp
CheckIncludeFile.c
C:\Users\mason\CLionProjects\csci-366-spring2021-private\battlebit\cmake-build-release\CMakeFiles\CMakeTmp\CheckIncludeFile.c(1): fatal error C1083: Cannot open include file: 'pthread.h': No such file or directory
NMAKE : fatal error U1077: 'C:\PROGRA~2\MICROS~1\2019\COMMUN~1\VC\Tools\MSVC\1422~1.279\bin\Hostx86\x86\cl.exe' : return code '0x2'
Stop.
NMAKE : fatal error U1077: '"C:\Program Files (x86)\Microsoft Visual Studio\2019\Community\VC\Tools\MSVC\14.22.27905\bin\HostX86\x86\nmake.exe"' : return code '0x2'
Stop.



Checking whether the ASM_NASM compiler is GNU using "--version" did not match "(GNU assembler)|(GCC)|(Free Software Foundation)":
Checking whether the ASM_NASM compiler is Clang using "--version" did not match "(clang version)":
Checking whether the ASM_NASM compiler is AppleClang using "--version" did not match "(Apple LLVM version)":
Checking whether the ASM_NASM compiler is ARMClang using "--version" did not match "armclang":
Checking whether the ASM_NASM compiler is HP using "-V" did not match "HP C":
Checking whether the ASM_NASM compiler is Intel using "--version" did not match "(ICC)":
Checking whether the ASM_NASM compiler is SunPro using "-V" did not match "Sun C":
Checking whether the ASM_NASM compiler is XL using "-qversion" did not match "XL C":
Checking whether the ASM_NASM compiler is MSVC using "-?" did not match "Microsoft":
Checking whether the ASM_NASM compiler is TI using "-h" did not match "Texas Instruments":
Checking whether the ASM_NASM compiler is IAR using "" did not match "IAR Assembler":
Checking whether the ASM_NASM compiler is ARMCC using "" did not match "(ARM Compiler)|(ARM Assembler)":
Checking whether the ASM_NASM compiler is NASM using "-v" did not match "(NASM version)":
Checking whether the ASM_NASM compiler is YASM using "--version" did not match "(yasm)":
Checking whether the ASM_NASM compiler is ADSP using "-version" did not match "Analog Devices":
Checking whether the ASM_NASM compiler is QCC using "-V" did not match "gcc_nto":
